# JRE version: Java(TM) SE Runtime Environment (9.0+11) (build 9.0.1+11)
# Java VM: Java HotSpot(TM) 64-Bit Server VM (9.0.1+11, mixed mode, tiered, compressed oops, serial gc, linux-amd64)
Heap:
 def new generation   total 38016K, used 0K [0x00000000e1200000, 0x00000000e3b30000, 0x00000000eb6a0000)
  eden space 33856K,   0% used [0x00000000e1200000, 0x00000000e1200000, 0x00000000e3310000)
  from space 4160K,   0% used [0x00000000e3310000, 0x00000000e3310000, 0x00000000e3720000)
  to   space 4160K,   0% used [0x00000000e3720000, 0x00000000e3720000, 0x00000000e3b30000)
 tenured generation   total 87856K, used 84198K [0x00000000eb6a0000, 0x00000000f0c6c000, 0x0000000100000000)
   the space 87856K,  95% used [0x00000000eb6a0000, 0x00000000f08d98e8, 0x00000000f08d9a00, 0x00000000f0c6c000)
 Metaspace       used 14886K, capacity 15228K, committed 15488K, reserved 1062912K
  class space    used 1274K, capacity 1340K, committed 1408K, reserved 1048576K
GC Heap History (10 events):
Event: 87.604 GC heap after
{Heap after GC invocations=238 (full 3):
 def new generation   total 38016K, used 1692K [0x00000000e1200000, 0x00000000e3b30000, 0x00000000eb6a0000)
  eden space 33856K,   0% used [0x00000000e1200000, 0x00000000e1200000, 0x00000000e3310000)
  from space 4160K,  40% used [0x00000000e3720000, 0x00000000e38c7180, 0x00000000e3b30000)
  to   space 4160K,   0% used [0x00000000e3310000, 0x00000000e3310000, 0x00000000e3720000)
 tenured generation   total 84332K, used 74371K [0x00000000eb6a0000, 0x00000000f08fb000, 0x0000000100000000)
   the space 84332K,  88% used [0x00000000eb6a0000, 0x00000000eff40f60, 0x00000000eff41000, 0x00000000f08fb000)
 Metaspace       used 12252K, capacity 12454K, committed 12672K, reserved 1060864K
  class space    used 996K, capacity 1053K, committed 1152K, reserved 1048576K
}
Event: 87.700 GC heap before
{Heap before GC invocations=238 (full 3):
 def new generation   total 38016K, used 35548K [0x00000000e1200000, 0x00000000e3b30000, 0x00000000eb6a0000)
  eden space 33856K, 100% used [0x00000000e1200000, 0x00000000e3310000, 0x00000000e3310000)
  from space 4160K,  40% used [0x00000000e3720000, 0x00000000e38c7180, 0x00000000e3b30000)
  to   space 4160K,   0% used [0x00000000e3310000, 0x00000000e3310000, 0x00000000e3720000)
 tenured generation   total 84332K, used 74371K [0x00000000eb6a0000, 0x00000000f08fb000, 0x0000000100000000)
   the space 84332K,  88% used [0x00000000eb6a0000, 0x00000000eff40f60, 0x00000000eff41000, 0x00000000f08fb000)
 Metaspace       used 12252K, capacity 12454K, committed 12672K, reserved 1060864K
  class space    used 996K, capacity 1053K, committed 1152K, reserved 1048576K
}
Event: 87.700 GC heap after
{Heap after GC invocations=239 (full 3):
 def new generation   total 38016K, used 469K [0x00000000e1200000, 0x00000000e3b30000, 0x00000000eb6a0000)
  eden space 33856K,   0% used [0x00000000e1200000, 0x00000000e1200000, 0x00000000e3310000)
  from space 4160K,  11% used [0x00000000e3310000, 0x00000000e3385488, 0x00000000e3720000)
  to   space 4160K,   0% used [0x00000000e3720000, 0x00000000e3720000, 0x00000000e3b30000)
 tenured generation   total 84332K, used 74371K [0x00000000eb6a0000, 0x00000000f08fb000, 0x0000000100000000)
   the space 84332K,  88% used [0x00000000eb6a0000, 0x00000000eff40f60, 0x00000000eff41000, 0x00000000f08fb000)
 Metaspace       used 12252K, capacity 12454K, committed 12672K, reserved 1060864K
  class space    used 996K, capacity 1053K, committed 1152K, reserved 1048576K
}
Event: 89.306 GC heap before
{Heap before GC invocations=239 (full 3):
 def new generation   total 38016K, used 34325K [0x00000000e1200000, 0x00000000e3b30000, 0x00000000eb6a0000)
  eden space 33856K, 100% used [0x00000000e1200000, 0x00000000e3310000, 0x00000000e3310000)
  from space 4160K,  11% used [0x00000000e3310000, 0x00000000e3385488, 0x00000000e3720000)
  to   space 4160K,   0% used [0x00000000e3720000, 0x00000000e3720000, 0x00000000e3b30000)
 tenured generation   total 84332K, used 74371K [0x00000000eb6a0000, 0x00000000f08fb000, 0x0000000100000000)
   the space 84332K,  88% used [0x00000000eb6a0000, 0x00000000eff40f60, 0x00000000eff41000, 0x00000000f08fb000)
 Metaspace       used 12252K, capacity 12454K, committed 12672K, reserved 1060864K
  class space    used 996K, capacity 1053K, committed 1152K, reserved 1048576K
}
Event: 89.310 GC heap after
{Heap after GC invocations=240 (full 3):
 def new generation   total 38016K, used 1263K [0x00000000e1200000, 0x00000000e3b30000, 0x00000000eb6a0000)
  eden space 33856K,   0% used [0x00000000e1200000, 0x00000000e1200000, 0x00000000e3310000)
  from space 4160K,  30% used [0x00000000e3720000, 0x00000000e385be88, 0x00000000e3b30000)
  to   space 4160K,   0% used [0x00000000e3310000, 0x00000000e3310000, 0x00000000e3720000)
 tenured generation   total 84332K, used 74371K [0x00000000eb6a0000, 0x00000000f08fb000, 0x0000000100000000)
   the space 84332K,  88% used [0x00000000eb6a0000, 0x00000000eff40f60, 0x00000000eff41000, 0x00000000f08fb000)
 Metaspace       used 12252K, capacity 12454K, committed 12672K, reserved 1060864K
  class space    used 996K, capacity 1053K, committed 1152K, reserved 1048576K
}
Event: 89.452 GC heap before
{Heap before GC invocations=240 (full 3):
 def new generation   total 38016K, used 35119K [0x00000000e1200000, 0x00000000e3b30000, 0x00000000eb6a0000)
  eden space 33856K, 100% used [0x00000000e1200000, 0x00000000e3310000, 0x00000000e3310000)
  from space 4160K,  30% used [0x00000000e3720000, 0x00000000e385be88, 0x00000000e3b30000)
  to   space 4160K,   0% used [0x00000000e3310000, 0x00000000e3310000, 0x00000000e3720000)
 tenured generation   total 84332K, used 74371K [0x00000000eb6a0000, 0x00000000f08fb000, 0x0000000100000000)
   the space 84332K,  88% used [0x00000000eb6a0000, 0x00000000eff40f60, 0x00000000eff41000, 0x00000000f08fb000)
 Metaspace       used 12252K, capacity 12454K, committed 12672K, reserved 1060864K
  class space    used 996K, capacity 1053K, committed 1152K, reserved 1048576K
}
Event: 89.453 GC heap after
{Heap after GC invocations=241 (full 3):
 def new generation   total 38016K, used 113K [0x00000000e1200000, 0x00000000e3b30000, 0x00000000eb6a0000)
  eden space 33856K,   0% used [0x00000000e1200000, 0x00000000e1200000, 0x00000000e3310000)
  from space 4160K,   2% used [0x00000000e3310000, 0x00000000e332c660, 0x00000000e3720000)
  to   space 4160K,   0% used [0x00000000e3720000, 0x00000000e3720000, 0x00000000e3b30000)
 tenured generation   total 84332K, used 74371K [0x00000000eb6a0000, 0x00000000f08fb000, 0x0000000100000000)
   the space 84332K,  88% used [0x00000000eb6a0000, 0x00000000eff40f60, 0x00000000eff41000, 0x00000000f08fb000)
 Metaspace       used 12252K, capacity 12454K, committed 12672K, reserved 1060864K
  class space    used 996K, capacity 1053K, committed 1152K, reserved 1048576K
}
Event: 90.411 GC heap before
{Heap before GC invocations=241 (full 3):
 def new generation   total 38016K, used 33969K [0x00000000e1200000, 0x00000000e3b30000, 0x00000000eb6a0000)
  eden space 33856K, 100% used [0x00000000e1200000, 0x00000000e3310000, 0x00000000e3310000)
  from space 4160K,   2% used [0x00000000e3310000, 0x00000000e332c660, 0x00000000e3720000)
  to   space 4160K,   0% used [0x00000000e3720000, 0x00000000e3720000, 0x00000000e3b30000)
 tenured generation   total 84332K, used 74371K [0x00000000eb6a0000, 0x00000000f08fb000, 0x0000000100000000)
   the space 84332K,  88% used [0x00000000eb6a0000, 0x00000000eff40f60, 0x00000000eff41000, 0x00000000f08fb000)
 Metaspace       used 13904K, capacity 14246K, committed 14464K, reserved 1062912K
  class space    used 1206K, capacity 1293K, committed 1408K, reserved 1048576K
}
Event: 90.456 GC heap after
{Heap after GC invocations=242 (full 3):
 def new generation   total 38016K, used 4159K [0x00000000e1200000, 0x00000000e3b30000, 0x00000000eb6a0000)
  eden space 33856K,   0% used [0x00000000e1200000, 0x00000000e1200000, 0x00000000e3310000)
  from space 4160K,  99% used [0x00000000e3720000, 0x00000000e3b2fff8, 0x00000000e3b30000)
  to   space 4160K,   0% used [0x00000000e3310000, 0x00000000e3310000, 0x00000000e3720000)
 tenured generation   total 84332K, used 83650K [0x00000000eb6a0000, 0x00000000f08fb000, 0x0000000100000000)
   the space 84332K,  99% used [0x00000000eb6a0000, 0x00000000f0850970, 0x00000000f0850a00, 0x00000000f08fb000)
 Metaspace       used 13904K, capacity 14246K, committed 14464K, reserved 1062912K
  class space    used 1206K, capacity 1293K, committed 1408K, reserved 1048576K
}
Event: 90.655 GC heap before
{Heap before GC invocations=242 (full 3):
 def new generation   total 38016K, used 38015K [0x00000000e1200000, 0x00000000e3b30000, 0x00000000eb6a0000)
  eden space 33856K, 100% used [0x00000000e1200000, 0x00000000e3310000, 0x00000000e3310000)
  from space 4160K,  99% used [0x00000000e3720000, 0x00000000e3b2fff8, 0x00000000e3b30000)
  to   space 4160K,   0% used [0x00000000e3310000, 0x00000000e3310000, 0x00000000e3720000)
 tenured generation   total 84332K, used 83650K [0x00000000eb6a0000, 0x00000000f08fb000, 0x0000000100000000)
   the space 84332K,  99% used [0x00000000eb6a0000, 0x00000000f0850970, 0x00000000f0850a00, 0x00000000f08fb000)
 Metaspace       used 14886K, capacity 15228K, committed 15488K, reserved 1062912K
  class space    used 1274K, capacity 1340K, committed 1408K, reserved 1048576K
}

